[Thursday 07 May 2026 04:07:50 PM IST] sshd is DOWN. Restarting...
[Thursday 07 May 2026 04:07:50 PM IST] sshd restarted successfully
[Thursday 07 May 2026 04:11:01 PM IST] sshd is running normally
[Thursday 07 May 2026 04:12:01 PM IST] sshd is running normally
[Thursday 07 May 2026 04:13:01 PM IST] sshd is running normally
[Thursday 07 May 2026 04:14:01 PM IST] sshd is running normally
[Thursday 07 May 2026 04:15:01 PM IST] sshd is running normally
[Thursday 07 May 2026 04:16:02 PM IST] sshd is running normally
[Thursday 07 May 2026 04:17:01 PM IST] sshd is running normally
[Thursday 07 May 2026 04:18:01 PM IST] sshd is DOWN. Restarting...
[Thursday 07 May 2026 04:18:01 PM IST] sshd restarted successfully
[Thursday 07 May 2026 04:19:02 PM IST] sshd is running normally
[Thursday 07 May 2026 04:20:01 PM IST] sshd is running normally
[Thursday 07 May 2026 04:21:01 PM IST] sshd is running normally
[Thursday 07 May 2026 04:22:01 PM IST] sshd is running normally
[Thursday 07 May 2026 04:23:01 PM IST] sshd is running normally
[Thursday 07 May 2026 04:24:01 PM IST] sshd is running normally
[Thursday 07 May 2026 04:25:01 PM IST] sshd is running normally
[Thursday 07 May 2026 04:26:01 PM IST] sshd is running normally
[Thursday 07 May 2026 04:27:02 PM IST] sshd is running normally
[Thursday 07 May 2026 04:28:01 PM IST] sshd is running normally
[Thursday 07 May 2026 04:29:01 PM IST] sshd is running normally
[Thursday 07 May 2026 04:30:01 PM IST] sshd is running normally
[Thursday 07 May 2026 04:31:01 PM IST] sshd is running normally
[Thursday 07 May 2026 04:32:01 PM IST] sshd is running normally
[Thursday 07 May 2026 04:33:01 PM IST] sshd is running normally
[Thursday 07 May 2026 04:34:01 PM IST] sshd is running normally
[Thursday 07 May 2026 04:35:01 PM IST] sshd is running normally
[Thursday 07 May 2026 04:36:01 PM IST] sshd is running normally
[Thursday 07 May 2026 04:37:01 PM IST] sshd is running normally
[Thursday 07 May 2026 04:38:01 PM IST] sshd is running normally
[Thursday 07 May 2026 04:39:01 PM IST] sshd is running normally
[Thursday 07 May 2026 04:40:01 PM IST] sshd is running normally
[Thursday 07 May 2026 04:41:01 PM IST] sshd is running normally
[Thursday 07 May 2026 04:42:01 PM IST] sshd is running normally
[Thursday 07 May 2026 04:43:01 PM IST] sshd is running normally
[Thursday 07 May 2026 04:44:02 PM IST] sshd is running normally
[Thursday 07 May 2026 04:45:01 PM IST] sshd is running normally
[Thursday 07 May 2026 04:46:01 PM IST] sshd is running normally
[Thursday 07 May 2026 04:47:01 PM IST] sshd is running normally
[Thursday 07 May 2026 04:48:01 PM IST] sshd is running normally
[Thursday 07 May 2026 04:49:01 PM IST] sshd is running normally
[Thursday 07 May 2026 04:50:01 PM IST] sshd is running normally
[Thursday 07 May 2026 04:51:01 PM IST] sshd is running normally
[Thursday 07 May 2026 04:52:02 PM IST] sshd is running normally
[Thursday 07 May 2026 04:53:01 PM IST] sshd is running normally
[Thursday 07 May 2026 04:54:01 PM IST] sshd is running normally
[Thursday 07 May 2026 04:55:01 PM IST] sshd is running normally
[Thursday 07 May 2026 04:56:01 PM IST] sshd is running normally
[Thursday 07 May 2026 04:57:01 PM IST] sshd is running normally
[Thursday 07 May 2026 04:58:01 PM IST] sshd is running normally
[Thursday 07 May 2026 04:59:01 PM IST] sshd is running normally
[Thursday 07 May 2026 05:00:02 PM IST] sshd is running normally
[Thursday 07 May 2026 05:01:01 PM IST] sshd is running normally
[Thursday 07 May 2026 05:02:01 PM IST] sshd is running normally
[Thursday 07 May 2026 05:03:01 PM IST] sshd is running normally
[Thursday 07 May 2026 05:04:01 PM IST] sshd is running normally
[Thursday 07 May 2026 05:05:01 PM IST] sshd is running normally
[Thursday 07 May 2026 05:06:01 PM IST] sshd is running normally
[Thursday 07 May 2026 05:07:01 PM IST] sshd is running normally
[Thursday 07 May 2026 05:08:02 PM IST] sshd is running normally
[Thursday 07 May 2026 05:09:01 PM IST] sshd is running normally
[Thursday 07 May 2026 05:10:01 PM IST] sshd is running normally
[Thursday 07 May 2026 05:11:01 PM IST] sshd is running normally
[Thursday 07 May 2026 05:12:01 PM IST] sshd is running normally
[Thursday 07 May 2026 05:13:01 PM IST] sshd is running normally
[Friday 08 May 2026 01:17:02 PM IST] sshd is running normally
[Friday 08 May 2026 01:18:02 PM IST] sshd is running normally
[Friday 08 May 2026 01:19:01 PM IST] sshd is running normally
[Friday 08 May 2026 01:20:02 PM IST] sshd is running normally
[Friday 08 May 2026 01:21:02 PM IST] sshd is running normally
[Friday 08 May 2026 01:22:01 PM IST] sshd is running normally
[Friday 08 May 2026 01:23:02 PM IST] sshd is running normally
[Friday 08 May 2026 01:24:02 PM IST] sshd is running normally
[Friday 08 May 2026 01:25:01 PM IST] sshd is running normally
[Friday 08 May 2026 01:26:02 PM IST] sshd is running normally
[Friday 08 May 2026 01:27:02 PM IST] sshd is running normally
[Friday 08 May 2026 01:28:02 PM IST] sshd is running normally
[Friday 08 May 2026 01:29:01 PM IST] sshd is running normally
[Friday 08 May 2026 01:30:02 PM IST] sshd is running normally
[Friday 08 May 2026 01:31:02 PM IST] sshd is running normally
[Friday 08 May 2026 01:32:01 PM IST] sshd is running normally
[Friday 08 May 2026 01:33:02 PM IST] sshd is running normally
[Friday 08 May 2026 01:34:02 PM IST] sshd is running normally
[Friday 08 May 2026 01:35:01 PM IST] sshd is running normally
[Friday 08 May 2026 01:36:02 PM IST] sshd is running normally
[Friday 08 May 2026 01:37:02 PM IST] sshd is running normally
[Friday 08 May 2026 01:38:01 PM IST] sshd is running normally
[Friday 08 May 2026 01:39:02 PM IST] sshd is running normally
[Friday 08 May 2026 01:40:02 PM IST] sshd is running normally
[Friday 08 May 2026 01:41:01 PM IST] sshd is running normally
[Friday 08 May 2026 01:42:02 PM IST] sshd is running normally
[Thursday 14 May 2026 11:33:02 AM IST] sshd is running normally
[Thursday 14 May 2026 11:34:02 AM IST] sshd is running normally
[Thursday 14 May 2026 11:35:01 AM IST] sshd is DOWN. Restarting...
[Thursday 14 May 2026 11:35:01 AM IST] sshd restarted successfully
[Thursday 14 May 2026 11:36:01 AM IST] sshd is DOWN. Restarting...
[Thursday 14 May 2026 11:36:01 AM IST] sshd restarted successfully
[Thursday 14 May 2026 11:37:01 AM IST] sshd is running normally
[Thursday 14 May 2026 11:38:01 AM IST] sshd is DOWN. Restarting...
[Thursday 14 May 2026 11:38:01 AM IST] sshd restarted successfully
[Thursday 14 May 2026 11:39:01 AM IST] sshd is running normally
[Thursday 14 May 2026 11:40:01 AM IST] sshd is running normally
[Thursday 14 May 2026 11:41:01 AM IST] sshd is running normally
[Thursday 14 May 2026 11:42:02 AM IST] sshd is running normally
[Thursday 14 May 2026 11:43:01 AM IST] sshd is running normally
[Thursday 14 May 2026 11:44:01 AM IST] sshd is running normally
[Thursday 14 May 2026 11:45:01 AM IST] sshd is running normally
[Thursday 14 May 2026 11:46:01 AM IST] sshd is running normally
[Thursday 14 May 2026 11:47:02 AM IST] sshd is running normally
[Thursday 14 May 2026 11:48:01 AM IST] sshd is running normally
[Thursday 14 May 2026 11:49:01 AM IST] sshd is running normally
[Thursday 14 May 2026 11:50:01 AM IST] sshd is running normally
[Thursday 14 May 2026 11:51:01 AM IST] sshd is running normally
[Thursday 14 May 2026 11:52:01 AM IST] sshd is running normally
[Thursday 14 May 2026 11:53:01 AM IST] sshd is running normally
[Thursday 14 May 2026 11:54:02 AM IST] sshd is running normally
[Thursday 14 May 2026 11:55:01 AM IST] sshd is running normally
[Thursday 14 May 2026 11:56:01 AM IST] sshd is running normally
[Thursday 14 May 2026 11:57:01 AM IST] sshd is running normally
[Thursday 14 May 2026 11:58:01 AM IST] sshd is running normally
[Thursday 14 May 2026 11:59:01 AM IST] sshd is running normally
[Thursday 14 May 2026 12:00:01 PM IST] sshd is running normally
[Thursday 14 May 2026 12:01:01 PM IST] sshd is running normally
[Thursday 14 May 2026 12:02:02 PM IST] sshd is running normally
[Thursday 14 May 2026 12:03:01 PM IST] sshd is running normally
[Thursday 14 May 2026 12:04:01 PM IST] sshd is running normally
[Thursday 14 May 2026 12:05:01 PM IST] sshd is running normally
[Thursday 14 May 2026 12:06:01 PM IST] sshd is running normally
[Thursday 14 May 2026 12:07:01 PM IST] sshd is running normally
[Thursday 14 May 2026 12:08:01 PM IST] sshd is running normally
[Thursday 14 May 2026 12:09:01 PM IST] sshd is running normally
[Thursday 14 May 2026 12:10:02 PM IST] sshd is running normally
[Thursday 14 May 2026 12:11:01 PM IST] sshd is running normally
[Thursday 14 May 2026 12:12:01 PM IST] sshd is running normally
[Thursday 14 May 2026 12:13:01 PM IST] sshd is running normally
[Thursday 14 May 2026 12:14:01 PM IST] sshd is running normally
[Thursday 14 May 2026 12:15:01 PM IST] sshd is running normally
[Thursday 14 May 2026 12:16:01 PM IST] sshd is running normally
[Thursday 14 May 2026 12:17:01 PM IST] sshd is running normally
