==== System Check Monday 27 April 2026 12:41:52 PM IST ====
CPU Usage: 3.6%
Memory Usage: 66.993%
Disk Usage: 30%

==== System Check Monday 27 April 2026 01:33:16 PM IST ====
CPU Usage: 15.4%
Memory Usage: 70.77%
Disk Usage: 30%

==== System Check Monday 27 April 2026 03:31:32 PM IST ====
CPU Usage: 11.1%
Memory Usage: 67.30%
Disk Usage: 30%

==== System Check Monday 27 April 2026 03:35:01 PM IST ====
CPU Usage: 10.7%
Memory Usage: 66.89%
Disk Usage: 30%

==== System Check Monday 27 April 2026 03:36:01 PM IST ====
CPU Usage: 10.7%
Memory Usage: 66.59%
Disk Usage: 30%

==== System Check Monday 27 April 2026 03:36:47 PM IST ====
CPU Usage: 11.1%
Memory Usage: 66.59%
Disk Usage: 30%

==== System Check Monday 27 April 2026 03:37:01 PM IST ====
CPU Usage: 8.3%
Memory Usage: 66.29%
Disk Usage: 30%

==== System Check Monday 27 April 2026 03:38:01 PM IST ====
CPU Usage: 3.8%
Memory Usage: 66.41%
Disk Usage: 30%

==== System Check Monday 27 April 2026 03:39:02 PM IST ====
CPU Usage: 7.7%
Memory Usage: 66.41%
Disk Usage: 30%

==== System Check Monday 27 April 2026 03:40:01 PM IST ====
CPU Usage: 17.4%
Memory Usage: 66.65%
Disk Usage: 30%

==== System Check Monday 27 April 2026 03:41:01 PM IST ====
CPU Usage: 20.8%
Memory Usage: 66.65%
Disk Usage: 30%

==== System Check Monday 27 April 2026 03:42:01 PM IST ====
CPU Usage: 11.1%
Memory Usage: 67.12%
Disk Usage: 30%

==== System Check Monday 27 April 2026 03:43:01 PM IST ====
CPU Usage: 62.5%
Memory Usage: 68.44%
Disk Usage: 30%

==== System Check Monday 27 April 2026 03:44:02 PM IST ====
CPU Usage: 43.3%
Memory Usage: 75.25%
Disk Usage: 30%

==== System Check Monday 27 April 2026 03:45:01 PM IST ====
CPU Usage: 18.5%
Memory Usage: 76.33%
Disk Usage: 30%

==== System Check Monday 27 April 2026 03:46:01 PM IST ====
CPU Usage: 86.4%
Memory Usage: 85.59%
Disk Usage: 30%
ALERT: High CPU Usage!
ALERT: High Memory Usage!

==== System Check Monday 27 April 2026 03:47:01 PM IST ====
CPU Usage: 34.6%
Memory Usage: 61.69%
Disk Usage: 30%

==== System Check Monday 27 April 2026 03:48:01 PM IST ====
CPU Usage: 39.3%
Memory Usage: 61.15%
Disk Usage: 30%

==== System Check Monday 27 April 2026 03:49:01 PM IST ====
CPU Usage: 17.9%
Memory Usage: 52.36%
Disk Usage: 30%

==== System Check Monday 27 April 2026 03:50:01 PM IST ====
CPU Usage: 4.3%
Memory Usage: 52.66%
Disk Usage: 30%

==== System Check Monday 27 April 2026 03:51:01 PM IST ====
CPU Usage: 25%
Memory Usage: 54.27%
Disk Usage: 30%

==== System Check Monday 27 April 2026 03:51:22 PM IST ====
CPU Usage: 10%
Memory Usage: 53.74%
Disk Usage: 30%

==== System Check Monday 27 April 2026 03:52:01 PM IST ====
CPU Usage: 16%
Memory Usage: 57.08%
Disk Usage: 30%

==== System Check Monday 27 April 2026 03:53:01 PM IST ====
CPU Usage: 14.8%
Memory Usage: 64.20%
Disk Usage: 30%

==== System Check Monday 27 April 2026 03:54:01 PM IST ====
CPU Usage: 23.1%
Memory Usage: 60.25%
Disk Usage: 30%

==== System Check Monday 27 April 2026 03:55:01 PM IST ====
CPU Usage: 8.7%
Memory Usage: 60.31%
Disk Usage: 30%

==== System Check Monday 27 April 2026 03:56:01 PM IST ====
CPU Usage: 12%
Memory Usage: 62.22%
Disk Usage: 30%

==== System Check Monday 27 April 2026 03:57:01 PM IST ====
CPU Usage: 12.5%
Memory Usage: 62.70%
Disk Usage: 30%

==== System Check Monday 27 April 2026 03:58:01 PM IST ====
CPU Usage: 8.3%
Memory Usage: 63.00%
Disk Usage: 30%

==== System Check Monday 27 April 2026 03:59:01 PM IST ====
CPU Usage: 8.3%
Memory Usage: 62.88%
Disk Usage: 30%

==== System Check Monday 27 April 2026 04:00:01 PM IST ====
CPU Usage: 34.8%
Memory Usage: 62.88%
Disk Usage: 30%

==== System Check Monday 27 April 2026 04:01:01 PM IST ====
CPU Usage: 25%
Memory Usage: 62.88%
Disk Usage: 30%

==== System Check Monday 27 April 2026 04:02:01 PM IST ====
CPU Usage: 16.7%
Memory Usage: 62.76%
Disk Usage: 30%

==== System Check Monday 27 April 2026 04:03:01 PM IST ====
CPU Usage: 16%
Memory Usage: 65.57%
Disk Usage: 30%

==== System Check Monday 27 April 2026 04:04:02 PM IST ====
CPU Usage: 11.5%
Memory Usage: 54.93%
Disk Usage: 30%

==== System Check Monday 27 April 2026 04:05:01 PM IST ====
CPU Usage: 8.7%
Memory Usage: 54.93%
Disk Usage: 30%

==== System Check Monday 27 April 2026 04:06:01 PM IST ====
CPU Usage: 8.3%
Memory Usage: 56.13%
Disk Usage: 30%

==== System Check Monday 27 April 2026 04:07:02 PM IST ====
CPU Usage: 12.5%
Memory Usage: 56.49%
Disk Usage: 30%

==== System Check Monday 27 April 2026 04:08:01 PM IST ====
CPU Usage: 8%
Memory Usage: 56.49%
Disk Usage: 30%

==== System Check Monday 27 April 2026 04:09:01 PM IST ====
CPU Usage: 12.5%
Memory Usage: 56.49%
Disk Usage: 30%

==== System Check Monday 27 April 2026 04:10:02 PM IST ====
CPU Usage: 14.8%
Memory Usage: 57.32%
Disk Usage: 30%

==== System Check Monday 27 April 2026 04:11:01 PM IST ====
CPU Usage: 4.3%
Memory Usage: 56.84%
Disk Usage: 30%

==== System Check Monday 27 April 2026 04:12:01 PM IST ====
CPU Usage: 13%
Memory Usage: 56.84%
Disk Usage: 30%

==== System Check Monday 27 April 2026 04:13:01 PM IST ====
CPU Usage: 4.3%
Memory Usage: 56.37%
Disk Usage: 30%

==== System Check Monday 27 April 2026 04:14:01 PM IST ====
CPU Usage: 4.5%
Memory Usage: 56.43%
Disk Usage: 30%

==== System Check Monday 27 April 2026 04:15:01 PM IST ====
CPU Usage: 28.6%
Memory Usage: 57.20%
Disk Usage: 30%

==== System Check Monday 27 April 2026 04:16:01 PM IST ====
CPU Usage: 11.5%
Memory Usage: 56.60%
Disk Usage: 30%

==== System Check Monday 27 April 2026 04:17:01 PM IST ====
CPU Usage: 8.3%
Memory Usage: 56.60%
Disk Usage: 30%

==== System Check Monday 27 April 2026 04:18:01 PM IST ====
CPU Usage: 4.3%
Memory Usage: 56.55%
Disk Usage: 30%

==== System Check Monday 27 April 2026 04:19:01 PM IST ====
CPU Usage: 12%
Memory Usage: 56.55%
Disk Usage: 30%

==== System Check Monday 27 April 2026 04:20:01 PM IST ====
CPU Usage: 12%
Memory Usage: 56.55%
Disk Usage: 30%

==== System Check Monday 27 April 2026 04:21:01 PM IST ====
CPU Usage: 12%
Memory Usage: 56.55%
Disk Usage: 30%

==== System Check Monday 27 April 2026 04:22:01 PM IST ====
CPU Usage: 12%
Memory Usage: 59.71%
Disk Usage: 30%

==== System Check Monday 27 April 2026 04:23:01 PM IST ====
CPU Usage: 8.3%
Memory Usage: 58.70%
Disk Usage: 30%

==== System Check Monday 27 April 2026 04:24:01 PM IST ====
CPU Usage: 8.3%
Memory Usage: 57.74%
Disk Usage: 30%

==== System Check Monday 27 April 2026 04:25:01 PM IST ====
CPU Usage: 12.5%
Memory Usage: 56.90%
Disk Usage: 30%

==== System Check Monday 27 April 2026 04:26:01 PM IST ====
CPU Usage: 12%
Memory Usage: 56.84%
Disk Usage: 30%

==== System Check Monday 27 April 2026 04:27:01 PM IST ====
CPU Usage: 4.3%
Memory Usage: 56.96%
Disk Usage: 30%

==== System Check Monday 27 April 2026 04:28:01 PM IST ====
CPU Usage: 8.3%
Memory Usage: 56.66%
Disk Usage: 30%

==== System Check Monday 27 April 2026 04:29:01 PM IST ====
CPU Usage: 12%
Memory Usage: 56.66%
Disk Usage: 30%

==== System Check Monday 27 April 2026 04:30:01 PM IST ====
CPU Usage: 4.3%
Memory Usage: 56.66%
Disk Usage: 30%

==== System Check Monday 27 April 2026 04:31:01 PM IST ====
CPU Usage: 100%
Memory Usage: 56.66%
Disk Usage: 30%
ALERT: High CPU Usage!

==== System Check Monday 27 April 2026 04:32:06 PM IST ====
CPU Usage: 8.3%
Memory Usage: 56.66%
Disk Usage: 30%

==== System Check Monday 27 April 2026 04:33:01 PM IST ====
CPU Usage: 4.8%
Memory Usage: 56.72%
Disk Usage: 30%

==== System Check Monday 27 April 2026 04:34:02 PM IST ====
CPU Usage: 4.3%
Memory Usage: 56.72%
Disk Usage: 30%

==== System Check Monday 27 April 2026 04:36:04 PM IST ====
CPU Usage: 12%
Memory Usage: 56.78%
Disk Usage: 30%

==== System Check Monday 27 April 2026 04:36:04 PM IST ====
CPU Usage: 8.7%
Memory Usage: 56.78%
Disk Usage: 30%

==== System Check Monday 27 April 2026 04:44:14 PM IST ====
CPU Usage: 23.3%
Memory Usage: 56.78%
Disk Usage: 30%

==== System Check Monday 27 April 2026 05:13:21 PM IST ====
CPU Usage: 12.5%
Memory Usage: 56.72%
Disk Usage: 30%

==== System Check Monday 27 April 2026 05:14:01 PM IST ====
CPU Usage: 4.5%
Memory Usage: 57.50%
Disk Usage: 30%

==== System Check Monday 27 April 2026 05:15:01 PM IST ====
CPU Usage: 4.5%
Memory Usage: 57.68%
Disk Usage: 30%

==== System Check Monday 27 April 2026 05:16:02 PM IST ====
CPU Usage: 27.3%
Memory Usage: 57.68%
Disk Usage: 30%

==== System Check Monday 27 April 2026 05:17:01 PM IST ====
CPU Usage: 8.7%
Memory Usage: 57.68%
Disk Usage: 30%

==== System Check Monday 27 April 2026 05:18:01 PM IST ====
CPU Usage: 4.5%
Memory Usage: 57.68%
Disk Usage: 30%

==== System Check Monday 27 April 2026 05:19:01 PM IST ====
CPU Usage: 9.1%
Memory Usage: 57.68%
Disk Usage: 30%

==== System Check Monday 27 April 2026 05:20:01 PM IST ====
CPU Usage: 4.5%
Memory Usage: 57.68%
Disk Usage: 30%

==== System Check Monday 27 April 2026 05:21:01 PM IST ====
CPU Usage: 4.5%
Memory Usage: 57.68%
Disk Usage: 30%

==== System Check Monday 27 April 2026 05:22:01 PM IST ====
CPU Usage: 20.8%
Memory Usage: 57.62%
Disk Usage: 30%

==== System Check Monday 27 April 2026 05:23:01 PM IST ====
CPU Usage: 4.5%
Memory Usage: 57.74%
Disk Usage: 30%

==== System Check Monday 27 April 2026 05:24:01 PM IST ====
CPU Usage: 8.7%
Memory Usage: 57.86%
Disk Usage: 30%

==== System Check Monday 27 April 2026 05:25:01 PM IST ====
CPU Usage: 11.5%
Memory Usage: 61.92%
Disk Usage: 30%

==== System Check Monday 27 April 2026 05:26:02 PM IST ====
CPU Usage: 26.7%
Memory Usage: 61.03%
Disk Usage: 30%

==== System Check Monday 27 April 2026 05:27:01 PM IST ====
CPU Usage: 8.7%
Memory Usage: 61.27%
Disk Usage: 30%

==== System Check Monday 27 April 2026 05:28:01 PM IST ====
CPU Usage: 8.7%
Memory Usage: 61.27%
Disk Usage: 30%

==== System Check Monday 27 April 2026 05:29:01 PM IST ====
CPU Usage: 8.7%
Memory Usage: 61.27%
Disk Usage: 30%

==== System Check Tuesday 28 April 2026 01:35:01 PM IST ====
CPU Usage: 100%
Memory Usage: 56.31%
Disk Usage: 30%
ALERT: High CPU Usage!

==== System Check Tuesday 28 April 2026 01:36:01 PM IST ====
CPU Usage: 23.1%
Memory Usage: 77.29%
Disk Usage: 30%

==== System Check Tuesday 28 April 2026 01:37:01 PM IST ====
CPU Usage: 19.2%
Memory Usage: 80.33%
Disk Usage: 31%

==== System Check Tuesday 28 April 2026 01:38:01 PM IST ====
CPU Usage: 12.5%
Memory Usage: 80.10%
Disk Usage: 31%

==== System Check Tuesday 28 April 2026 01:39:01 PM IST ====
CPU Usage: 8.3%
Memory Usage: 78.60%
Disk Usage: 31%

==== System Check Tuesday 28 April 2026 03:34:33 PM IST ====
CPU Usage: 60%
Memory Usage: 79.86%
Disk Usage: 31%

==== System Check Tuesday 28 April 2026 03:35:01 PM IST ====
CPU Usage: 11.5%
Memory Usage: 79.74%
Disk Usage: 31%

==== System Check Tuesday 28 April 2026 03:36:01 PM IST ====
CPU Usage: 8.3%
Memory Usage: 62.58%
Disk Usage: 31%

==== System Check Tuesday 28 April 2026 03:37:01 PM IST ====
CPU Usage: 4.3%
Memory Usage: 62.58%
Disk Usage: 31%

==== System Check Tuesday 28 April 2026 03:38:01 PM IST ====
CPU Usage: 8.3%
Memory Usage: 62.58%
Disk Usage: 31%

==== System Check Tuesday 28 April 2026 03:39:01 PM IST ====
CPU Usage: 12.5%
Memory Usage: 62.52%
Disk Usage: 31%

==== System Check Tuesday 28 April 2026 03:40:01 PM IST ====
CPU Usage: 8.7%
Memory Usage: 62.58%
Disk Usage: 31%

==== System Check Tuesday 28 April 2026 03:41:01 PM IST ====
CPU Usage: 4.5%
Memory Usage: 62.58%
Disk Usage: 31%

==== System Check Tuesday 28 April 2026 03:42:01 PM IST ====
CPU Usage: 15.4%
Memory Usage: 62.76%
Disk Usage: 31%

==== System Check Tuesday 28 April 2026 03:43:01 PM IST ====
CPU Usage: 12.5%
Memory Usage: 62.28%
Disk Usage: 31%

==== System Check Tuesday 28 April 2026 03:44:01 PM IST ====
CPU Usage: 20%
Memory Usage: 62.16%
Disk Usage: 31%

==== System Check Tuesday 28 April 2026 03:45:01 PM IST ====
CPU Usage: 4.3%
Memory Usage: 62.16%
Disk Usage: 31%

==== System Check Tuesday 28 April 2026 03:46:01 PM IST ====
CPU Usage: 18.5%
Memory Usage: 62.22%
Disk Usage: 31%

==== System Check Tuesday 28 April 2026 03:47:01 PM IST ====
CPU Usage: 12.5%
Memory Usage: 62.16%
Disk Usage: 31%

==== System Check Tuesday 28 April 2026 03:48:01 PM IST ====
CPU Usage: 8.3%
Memory Usage: 62.22%
Disk Usage: 31%

